<?xml version="1.0" encoding="UTF-8"?>
<!-- Generated by org.testng.reporters.JUnitXMLReporter -->
<testsuite hostname="LIN35006831" failures="0" tests="1" name="Test" time="0.133" errors="0" timestamp="8 Apr 2021 19:07:55 GMT">
  <testcase classname="com.qa.ct.juducialbranch.tests.ValidateSelectCity" name="@BeforeMethod beforeMethod" time="0.0">
    <failure type="java.lang.IllegalStateException" message="The driver executable does not exist: C:\Users\mahvishw\OneTry\com.qa.ct.juducialbranch\com.qa.ct.juducialbranch\drivers\chromedriver.exe">
      <![CDATA[java.lang.IllegalStateException: The driver executable does not exist: C:\Users\mahvishw\OneTry\com.qa.ct.juducialbranch\com.qa.ct.juducialbranch\drivers\chromedriver.exe
	at com.google.common.base.Preconditions.checkState(Preconditions.java:585)
	at org.openqa.selenium.remote.service.DriverService.checkExecutable(DriverService.java:146)
	at org.openqa.selenium.remote.service.DriverService.findExecutable(DriverService.java:141)
	at org.openqa.selenium.chrome.ChromeDriverService.access$000(ChromeDriverService.java:35)
	at org.openqa.selenium.chrome.ChromeDriverService$Builder.findDefaultExecutable(ChromeDriverService.java:159)
	at org.openqa.selenium.remote.service.DriverService$Builder.build(DriverService.java:355)
	at org.openqa.selenium.chrome.ChromeDriverService.createDefaultService(ChromeDriverService.java:94)
	at org.openqa.selenium.chrome.ChromeDriver.<init>(ChromeDriver.java:123)
	at com.qa.ct.juducialbranch.resources.BaseTest.openBrowser(BaseTest.java:59)
	at com.qa.ct.juducialbranch.resources.BaseTest.beforeMethod(BaseTest.java:40)
... Removed 26 stack frames]]>
    </failure>
  </testcase> <!-- @BeforeMethod beforeMethod -->
  <testcase classname="com.qa.ct.juducialbranch.tests.ValidateSelectCity" name="@AfterMethod afterMethod" time="0.0">
    <skipped/>
  </testcase> <!-- @AfterMethod afterMethod -->
  <testcase classname="com.qa.ct.juducialbranch.tests.ValidateSelectCity" name="fetchDesiredCity" time="0.004">
    <skipped/>
  </testcase> <!-- fetchDesiredCity -->
</testsuite> <!-- Test -->
