<?xml version="1.0" encoding="UTF-8"?>
<testsuite xmlns:xsi="http://www.w3.org/2001/XMLSchema-instance" xsi:noNamespaceSchemaLocation="https://maven.apache.org/surefire/maven-surefire-plugin/xsd/surefire-test-report-3.0.xsd" version="3.0" name="TestSuite" time="171.831" tests="1" errors="0" skipped="0" failures="0">
  <properties>
[...]
</properties>
  <testcase name="fetchDesiredCity" classname="com.qa.ct.juducialbranch.tests.ValidateSelectCity" time="164.581">
    <system-out><![CDATA[Milford
org.openqa.selenium.NoSuchElementException: no such element: Unable to locate element: {"method":"link text","selector":"Milford"}
  (Session info: chrome=89.0.4389.114)
For documentation on this error, please visit: https://selenium.dev/exceptions/#no_such_element
Build info: version: '4.0.0-beta-1', revision: '9c03156c2b'
System info: host: 'LIN35006831', ip: '192.168.0.112', os.name: 'Windows 10', os.arch: 'amd64', os.version: '10.0', java.version: '15.0.2'
Driver info: org.openqa.selenium.chrome.ChromeDriver
Command: [144ff3478809c62b345b45a13c807e27, findElement {using=link text, value=Milford}]
Capabilities {acceptInsecureCerts: false, browserName: chrome, browserVersion: 89.0.4389.114, chrome: {chromedriverVersion: 88.0.4324.96 (68dba2d8a0b14..., userDataDir: C:\Users\mahvishw\AppData\L...}, goog:chromeOptions: {debuggerAddress: localhost:51861}, javascriptEnabled: true, networkConnectionEnabled: false, pageLoadStrategy: normal, platform: WINDOWS, platformName: WINDOWS, proxy: Proxy(), setWindowRect: true, strictFileInteractability: false, timeouts: {implicit: 0, pageLoad: 300000, script: 30000}, unhandledPromptBehavior: dismiss and notify, webauthn:extension:largeBlob: true, webauthn:virtualAuthenticators: true}
Session ID: 144ff3478809c62b345b45a13c807e27
Milford Does not exist, please enter city correctly
Trumbull
Norwalk
Stamford
Shelton
org.openqa.selenium.NoSuchElementException: no such element: Unable to locate element: {"method":"link text","selector":"Shelton"}
  (Session info: chrome=89.0.4389.114)
For documentation on this error, please visit: https://selenium.dev/exceptions/#no_such_element
Build info: version: '4.0.0-beta-1', revision: '9c03156c2b'
System info: host: 'LIN35006831', ip: '192.168.0.112', os.name: 'Windows 10', os.arch: 'amd64', os.version: '10.0', java.version: '15.0.2'
Driver info: org.openqa.selenium.chrome.ChromeDriver
Command: [144ff3478809c62b345b45a13c807e27, findElement {using=link text, value=Shelton}]
Capabilities {acceptInsecureCerts: false, browserName: chrome, browserVersion: 89.0.4389.114, chrome: {chromedriverVersion: 88.0.4324.96 (68dba2d8a0b14..., userDataDir: C:\Users\mahvishw\AppData\L...}, goog:chromeOptions: {debuggerAddress: localhost:51861}, javascriptEnabled: true, networkConnectionEnabled: false, pageLoadStrategy: normal, platform: WINDOWS, platformName: WINDOWS, proxy: Proxy(), setWindowRect: true, strictFileInteractability: false, timeouts: {implicit: 0, pageLoad: 300000, script: 30000}, unhandledPromptBehavior: dismiss and notify, webauthn:extension:largeBlob: true, webauthn:virtualAuthenticators: true}
Session ID: 144ff3478809c62b345b45a13c807e27
Shelton Does not exist, please enter city correctly
Fairfield
Dates fetched from each tab 04/10/2021
Today date is: 04/12/2021
java.lang.String
Date after 7 days Addition: 04/17/2021
Dates fetched from each tab 07/17/2021
Today date is: 04/12/2021
java.lang.String
Date after 7 days Addition: 07/24/2021
Dates fetched from each tab 07/31/2021
Today date is: 04/12/2021
java.lang.String
Date after 7 days Addition: 08/07/2021
Dates fetched from each tab 09/18/2021
Today date is: 04/12/2021
java.lang.String
Date after 7 days Addition: 09/25/2021
Dates fetched from each tab 04/10/2021
Today date is: 04/12/2021
java.lang.String
Date after 7 days Addition: 04/17/2021
Dates fetched from each tab 05/08/2021
Today date is: 04/12/2021
java.lang.String
Date after 7 days Addition: 05/15/2021
Dates fetched from each tab 06/05/2021
Today date is: 04/12/2021
java.lang.String
Date after 7 days Addition: 06/12/2021
Dates fetched from each tab 06/12/2021
Today date is: 04/12/2021
java.lang.String
Date after 7 days Addition: 06/19/2021
Dates fetched from each tab 07/17/2021
Today date is: 04/12/2021
java.lang.String
Date after 7 days Addition: 07/24/2021
Dates fetched from each tab 04/10/2021
Today date is: 04/12/2021
java.lang.String
Date after 7 days Addition: 04/17/2021
]]></system-out>
    <system-err><![CDATA[SLF4J: Failed to load class "org.slf4j.impl.StaticLoggerBinder".
SLF4J: Defaulting to no-operation (NOP) logger implementation
SLF4J: See http://www.slf4j.org/codes.html#StaticLoggerBinder for further details.
ERROR StatusLogger Log4j2 could not find a logging implementation. Please add log4j-core to the classpath. Using SimpleLogger to log to the console...
Starting ChromeDriver 88.0.4324.96 (68dba2d8a0b149a1d3afac56fa74648032bcf46b-refs/branch-heads/4324@{#1784}) on port 35019
Only local connections are allowed.
Please see https://chromedriver.chromium.org/security-considerations for suggestions on keeping ChromeDriver safe.
ChromeDriver was started successfully.
[1618171519.769][WARNING]: This version of ChromeDriver has not been tested with Chrome version 89.
Apr 12, 2021 1:35:20 AM org.openqa.selenium.remote.ProtocolHandshake createSession
INFO: Detected dialect: W3C
Apr 12, 2021 1:35:20 AM org.openqa.selenium.devtools.CdpVersionFinder findNearestMatch
INFO: Found exact CDP implementation for version 89
]]></system-err>
  </testcase>
</testsuite>