<?xml version="1.0" encoding="UTF-8"?>
<testng-results total="1" passed="1" failed="0" skipped="0">
  <reporter-output>
  </reporter-output>
  <suite started-at="2021-04-11T20:05:17Z" name="Suite" finished-at="2021-04-11T20:08:07Z" duration-ms="170172">
    <groups>
    </groups>
    <test started-at="2021-04-11T20:05:17Z" name="Test" finished-at="2021-04-11T20:08:07Z" duration-ms="170172">
      <class name="com.qa.ct.juducialbranch.tests.ValidateSelectCity">
        <test-method is-config="true" signature="beforeTest()[pri:0, instance:com.qa.ct.juducialbranch.tests.ValidateSelectCity@792b749c]" started-at="2021-04-12T01:35:17Z" name="beforeTest" finished-at="2021-04-12T01:35:17Z" duration-ms="9" status="PASS">
          <reporter-output>
          </reporter-output>
        </test-method> <!-- beforeTest -->
        <test-method is-config="true" signature="beforeMethod(java.lang.String, java.lang.reflect.Method)[pri:0, instance:com.qa.ct.juducialbranch.tests.ValidateSelectCity@792b749c]" started-at="2021-04-12T01:35:17Z" name="beforeMethod" finished-at="2021-04-12T01:35:23Z" duration-ms="5650" status="PASS">
          <params>
            <param index="0">
              <value>
                <![CDATA[chrome]]>
              </value>
            </param>
            <param index="1">
              <value>
                <![CDATA[public void com.qa.ct.juducialbranch.tests.ValidateSelectCity.fetchDesiredCity() throws java.io.IOException,java.lang.InterruptedException,java.text.ParseException]]>
              </value>
            </param>
          </params>
          <reporter-output>
          </reporter-output>
        </test-method> <!-- beforeMethod -->
        <test-method signature="fetchDesiredCity()[pri:0, instance:com.qa.ct.juducialbranch.tests.ValidateSelectCity@792b749c]" started-at="2021-04-12T01:35:23Z" name="fetchDesiredCity" finished-at="2021-04-12T01:38:07Z" duration-ms="164499" status="PASS">
          <reporter-output>
          </reporter-output>
        </test-method> <!-- fetchDesiredCity -->
        <test-method is-config="true" signature="afterMethod()[pri:0, instance:com.qa.ct.juducialbranch.tests.ValidateSelectCity@792b749c]" started-at="2021-04-12T01:38:07Z" name="afterMethod" finished-at="2021-04-12T01:38:07Z" duration-ms="0" status="PASS">
          <reporter-output>
          </reporter-output>
        </test-method> <!-- afterMethod -->
      </class> <!-- com.qa.ct.juducialbranch.tests.ValidateSelectCity -->
    </test> <!-- Test -->
  </suite> <!-- Suite -->
</testng-results>
