<?xml version="1.0" encoding="UTF-8"?>
<testng-results total="1" passed="0" failed="0" skipped="1">
  <reporter-output>
  </reporter-output>
  <suite started-at="2021-04-11T18:42:53Z" name="Default suite" finished-at="2021-04-11T18:42:53Z" duration-ms="32">
    <groups>
    </groups>
    <test started-at="2021-04-11T18:42:53Z" name="Default test" finished-at="2021-04-11T18:42:53Z" duration-ms="32">
      <class name="com.qa.ct.juducialbranch.tests.ValidateSelectCity">
        <test-method is-config="true" signature="beforeTest()[pri:0, instance:com.qa.ct.juducialbranch.tests.ValidateSelectCity@72bc6553]" started-at="2021-04-12T00:12:53Z" name="beforeTest" finished-at="2021-04-12T00:12:53Z" duration-ms="8" status="PASS">
          <reporter-output>
          </reporter-output>
        </test-method> <!-- beforeTest -->
        <test-method is-config="true" signature="beforeMethod(java.lang.String, java.lang.reflect.Method)[pri:0, instance:com.qa.ct.juducialbranch.tests.ValidateSelectCity@72bc6553]" started-at="2021-04-12T00:12:53Z" name="beforeMethod" finished-at="2021-04-12T00:12:53Z" duration-ms="0" status="FAIL">
          <exception class="org.testng.TestNGException">
            <message>
              <![CDATA[
Parameter 'browserName' is required by @Configuration on method beforeMethod but has not been marked @Optional or defined
in C:\Users\mahvishw\AppData\Local\Temp\testng-eclipse-274581935\testng-customsuite.xml]]>
            </message>
            <full-stacktrace>
              <![CDATA[org.testng.TestNGException: 
Parameter 'browserName' is required by @Configuration on method beforeMethod but has not been marked @Optional or defined
in C:\Users\mahvishw\AppData\Local\Temp\testng-eclipse-274581935\testng-customsuite.xml
	at org.testng.internal.Parameters.createParameters(Parameters.java:156)
	at org.testng.internal.Parameters.createParameters(Parameters.java:362)
	at org.testng.internal.Parameters.createConfigurationParameters(Parameters.java:87)
	at org.testng.internal.Invoker.invokeConfigurations(Invoker.java:201)
	at org.testng.internal.Invoker.invokeMethod(Invoker.java:636)
	at org.testng.internal.Invoker.invokeTestMethod(Invoker.java:882)
	at org.testng.internal.Invoker.invokeTestMethods(Invoker.java:1189)
	at org.testng.internal.TestMethodWorker.invokeTestMethods(TestMethodWorker.java:124)
	at org.testng.internal.TestMethodWorker.run(TestMethodWorker.java:108)
	at org.testng.TestRunner.privateRun(TestRunner.java:767)
	at org.testng.TestRunner.run(TestRunner.java:617)
	at org.testng.SuiteRunner.runTest(SuiteRunner.java:348)
	at org.testng.SuiteRunner.runSequentially(SuiteRunner.java:343)
	at org.testng.SuiteRunner.privateRun(SuiteRunner.java:305)
	at org.testng.SuiteRunner.run(SuiteRunner.java:254)
	at org.testng.SuiteRunnerWorker.runSuite(SuiteRunnerWorker.java:52)
	at org.testng.SuiteRunnerWorker.run(SuiteRunnerWorker.java:86)
	at org.testng.TestNG.runSuitesSequentially(TestNG.java:1224)
	at org.testng.TestNG.runSuitesLocally(TestNG.java:1149)
	at org.testng.TestNG.run(TestNG.java:1057)
	at org.testng.remote.AbstractRemoteTestNG.run(AbstractRemoteTestNG.java:115)
	at org.testng.remote.RemoteTestNG.initAndRun(RemoteTestNG.java:251)
	at org.testng.remote.RemoteTestNG.main(RemoteTestNG.java:77)
]]>
            </full-stacktrace>
          </exception> <!-- org.testng.TestNGException -->
          <reporter-output>
          </reporter-output>
        </test-method> <!-- beforeMethod -->
        <test-method signature="fetchDesiredCity()[pri:0, instance:com.qa.ct.juducialbranch.tests.ValidateSelectCity@72bc6553]" started-at="2021-04-12T00:12:53Z" name="fetchDesiredCity" finished-at="2021-04-12T00:12:53Z" duration-ms="2" status="SKIP">
          <reporter-output>
          </reporter-output>
        </test-method> <!-- fetchDesiredCity -->
        <test-method is-config="true" signature="afterMethod()[pri:0, instance:com.qa.ct.juducialbranch.tests.ValidateSelectCity@72bc6553]" started-at="2021-04-12T00:12:53Z" name="afterMethod" finished-at="2021-04-12T00:12:53Z" duration-ms="0" status="SKIP">
          <reporter-output>
          </reporter-output>
        </test-method> <!-- afterMethod -->
      </class> <!-- com.qa.ct.juducialbranch.tests.ValidateSelectCity -->
    </test> <!-- Default test -->
  </suite> <!-- Default suite -->
</testng-results>
